info t=2018-05-11T15:58:27.739Z Cinnamon.AppSystem.get_default() started in 467 ms
info t=2018-05-11T15:58:27.830Z loading user theme: /home/tim/.themes/Tyr himinn/cinnamon/cinnamon.css
info t=2018-05-11T15:58:27.895Z added icon directory: /home/tim/.themes/Tyr himinn/cinnamon
info t=2018-05-11T15:58:28.027Z PlacesManager: Updating devices
info t=2018-05-11T15:58:28.055Z loaded at Fri May 11 2018 17:58:28 GMT+0200 (CEST)
info t=2018-05-11T15:58:29.346Z Loaded applet menu@cinnamon.org in 1288 ms
info t=2018-05-11T15:58:29.904Z Loaded applet WindowListGroup@jake.phy@gmail.com in 558 ms
info t=2018-05-11T15:58:29.911Z Loaded applet spacer@cinnamon.org in 6 ms
info t=2018-05-11T15:58:29.921Z Loaded applet trash@cinnamon.org in 10 ms
info t=2018-05-11T15:58:29.928Z Role locked: notifications
info t=2018-05-11T15:58:29.931Z Loaded applet notifications@cinnamon.org in 9 ms
info t=2018-05-11T15:58:29.939Z Role locked: panellauncher
info t=2018-05-11T15:58:29.940Z Loaded applet panel-launchers@cinnamon.org in 9 ms
info t=2018-05-11T15:58:29.945Z Loaded applet separator@cinnamon.org in 4 ms
info t=2018-05-11T15:58:30.002Z Loaded applet temperature@fevimu in 57 ms
info t=2018-05-11T15:58:30.008Z Loaded applet systray@cinnamon.org in 6 ms
info t=2018-05-11T15:58:30.015Z Loaded applet removable-drives@cinnamon.org in 6 ms
info t=2018-05-11T15:58:30.049Z Loaded applet keyboard@cinnamon.org in 34 ms
info t=2018-05-11T15:58:30.133Z Loaded applet network@cinnamon.org in 83 ms
info t=2018-05-11T15:58:30.225Z Loaded applet sound-with-apps-volume@koutch in 92 ms
info t=2018-05-11T15:58:30.263Z Loaded applet batterymonitor@pdcurtis in 37 ms
info t=2018-05-11T15:58:30.294Z Loaded applet workspace-switcher@cinnamon.org in 28 ms
info t=2018-05-11T15:58:30.319Z Loaded applet calendar@cinnamon.org in 24 ms
info t=2018-05-11T15:58:30.319Z AppletManager.init() started in 2264 ms
info t=2018-05-11T15:58:30.321Z Cinnamon took 3099 ms to start
info t=2018-05-11T15:58:30.687Z Adding indicator: redshift
info t=2018-05-11T15:58:30.692Z Hiding indicator (role already handled): nm-applet
info t=2018-05-11T15:58:32.108Z Adding systray: slack (20x20px)
info t=2018-05-11T15:58:32.379Z Adding indicator: Nextcloud
info t=2018-05-11T15:58:33.609Z Resized slack with normalized size (22x22px)
info t=2018-05-11T15:58:38.665Z Adding systray: pidgin (20x20px)
info t=2018-05-11T15:58:49.171Z Resized pidgin with normalized size (22x22px)
info t=2018-05-11T15:59:05.320Z Adding systray: discord (20x20px)
info t=2018-05-11T15:59:06.835Z Resized discord with normalized size (22x22px)
info t=2018-05-11T15:59:34.577Z Adding indicator: software-update-available
info t=2018-05-11T17:48:49.234Z Adding indicator: Telegram Desktop
info t=2018-05-11T19:58:31.978Z Hiding indicator (role already handled): vlc
info t=2018-05-11T21:09:10.547Z Adding indicator: Shutter
